[ 2018-09-29T09:38:55+08:00 ] ::1 /Cms/
INFO: [ app_init ] --START--
INFO: Run Behavior\BuildLiteBehavior [ RunTime:0.000314s ]
INFO: [ app_init ] --END-- [ RunTime:0.003096s ]
INFO: [ app_begin ] --START--
INFO: Run Behavior\ReadHtmlCacheBehavior [ RunTime:0.000792s ]
INFO: [ app_begin ] --END-- [ RunTime:0.000848s ]

[ 2018-09-29T09:38:55+08:00 ] ::1 /Cms/Home/Login/index.html
INFO: [ app_init ] --START--
INFO: Run Behavior\BuildLiteBehavior [ RunTime:0.000014s ]
INFO: [ app_init ] --END-- [ RunTime:0.000393s ]
INFO: [ app_begin ] --START--
INFO: Run Behavior\ReadHtmlCacheBehavior [ RunTime:0.000458s ]
INFO: [ app_begin ] --END-- [ RunTime:0.000488s ]
INFO: [ view_parse ] --START--
INFO: [ template_filter ] --START--
INFO: Run Behavior\ContentReplaceBehavior [ RunTime:0.000554s ]
INFO: [ template_filter ] --END-- [ RunTime:0.000626s ]
INFO: Run Behavior\ParseTemplateBehavior [ RunTime:0.012033s ]
INFO: [ view_parse ] --END-- [ RunTime:0.012116s ]
INFO: [ view_filter ] --START--
INFO: Run Behavior\WriteHtmlCacheBehavior [ RunTime:0.000463s ]
INFO: [ view_filter ] --END-- [ RunTime:0.000507s ]
INFO: [ app_end ] --START--
INFO: Run Behavior\ShowPageTraceBehavior [ RunTime:0.005193s ]
INFO: [ app_end ] --END-- [ RunTime:0.005243s ]

[ 2018-09-29T09:39:02+08:00 ] ::1 /Cms/Home/Api/userLogin.html
INFO: [ app_init ] --START--
INFO: Run Behavior\BuildLiteBehavior [ RunTime:0.000027s ]
INFO: [ app_init ] --END-- [ RunTime:0.000409s ]
INFO: [ app_begin ] --START--
INFO: Run Behavior\ReadHtmlCacheBehavior [ RunTime:0.000498s ]
INFO: [ app_begin ] --END-- [ RunTime:0.000537s ]
SQL: SHOW COLUMNS FROM `user` [ RunTime:0.0134s ]
SQL: SELECT * FROM `user` WHERE ( phone='admin' ) LIMIT 1   [ RunTime:0.0041s ]

[ 2018-09-29T09:39:07+08:00 ] ::1 /Cms/Home/Api/userLogin.html
INFO: [ app_init ] --START--
INFO: Run Behavior\BuildLiteBehavior [ RunTime:0.000019s ]
INFO: [ app_init ] --END-- [ RunTime:0.000398s ]
INFO: [ app_begin ] --START--
INFO: Run Behavior\ReadHtmlCacheBehavior [ RunTime:0.001226s ]
INFO: [ app_begin ] --END-- [ RunTime:0.001373s ]
SQL: SHOW COLUMNS FROM `user` [ RunTime:0.0050s ]
SQL: SELECT * FROM `user` WHERE ( phone='foolsecret@163.com' ) LIMIT 1   [ RunTime:0.0004s ]

[ 2018-09-29T09:39:15+08:00 ] ::1 /Cms/Home/Login/performance-now.js.map
INFO: [ app_init ] --START--
INFO: Run Behavior\BuildLiteBehavior [ RunTime:0.000040s ]
INFO: [ app_init ] --END-- [ RunTime:0.000610s ]
INFO: [ app_begin ] --START--
INFO: Run Behavior\ReadHtmlCacheBehavior [ RunTime:0.000790s ]
INFO: [ app_begin ] --END-- [ RunTime:0.000859s ]
ERR: 非法操作:performance-now.js.map

[ 2018-09-29T09:39:25+08:00 ] ::1 /Cms/Home/Api/userLogin.html
INFO: [ app_init ] --START--
INFO: Run Behavior\BuildLiteBehavior [ RunTime:0.000030s ]
INFO: [ app_init ] --END-- [ RunTime:0.000431s ]
INFO: [ app_begin ] --START--
INFO: Run Behavior\ReadHtmlCacheBehavior [ RunTime:0.000547s ]
INFO: [ app_begin ] --END-- [ RunTime:0.000589s ]
SQL: SHOW COLUMNS FROM `user` [ RunTime:0.0057s ]
SQL: SELECT * FROM `user` WHERE ( phone='foolsecret@163.com' ) LIMIT 1   [ RunTime:0.0003s ]

[ 2018-09-29T09:40:34+08:00 ] ::1 /Cms/Home/Api/userLogin.html
INFO: [ app_init ] --START--
INFO: Run Behavior\BuildLiteBehavior [ RunTime:0.000034s ]
INFO: [ app_init ] --END-- [ RunTime:0.000643s ]
INFO: [ app_begin ] --START--
INFO: Run Behavior\ReadHtmlCacheBehavior [ RunTime:0.000804s ]
INFO: [ app_begin ] --END-- [ RunTime:0.000856s ]
SQL: SHOW COLUMNS FROM `user` [ RunTime:0.0029s ]
SQL: SELECT * FROM `user` WHERE ( phone='17631662813' ) LIMIT 1   [ RunTime:0.0006s ]

[ 2018-09-29T09:40:34+08:00 ] ::1 /Cms/Home/Index/index.html
INFO: [ app_init ] --START--
INFO: Run Behavior\BuildLiteBehavior [ RunTime:0.000023s ]
INFO: [ app_init ] --END-- [ RunTime:0.000638s ]
INFO: [ app_begin ] --START--
INFO: Run Behavior\ReadHtmlCacheBehavior [ RunTime:0.000916s ]
INFO: [ app_begin ] --END-- [ RunTime:0.000987s ]
SQL: SHOW COLUMNS FROM `user` [ RunTime:0.0037s ]
SQL: SELECT * FROM `user` WHERE ( id='00000000001' ) LIMIT 1   [ RunTime:0.0010s ]
INFO: [ view_parse ] --START--
INFO: [ template_filter ] --START--
INFO: Run Behavior\ContentReplaceBehavior [ RunTime:0.000103s ]
INFO: [ template_filter ] --END-- [ RunTime:0.000154s ]
INFO: Run Behavior\ParseTemplateBehavior [ RunTime:0.018973s ]
INFO: [ view_parse ] --END-- [ RunTime:0.019018s ]
INFO: [ view_filter ] --START--
INFO: Run Behavior\WriteHtmlCacheBehavior [ RunTime:0.000383s ]
INFO: [ view_filter ] --END-- [ RunTime:0.000417s ]
INFO: [ app_end ] --START--
INFO: Run Behavior\ShowPageTraceBehavior [ RunTime:0.001070s ]
INFO: [ app_end ] --END-- [ RunTime:0.001397s ]

[ 2018-09-29T09:40:37+08:00 ] ::1 /Cms/Home/Index/performance-now.js.map
INFO: [ app_init ] --START--
INFO: Run Behavior\BuildLiteBehavior [ RunTime:0.000025s ]
INFO: [ app_init ] --END-- [ RunTime:0.000674s ]
INFO: [ app_begin ] --START--
INFO: Run Behavior\ReadHtmlCacheBehavior [ RunTime:0.001460s ]
INFO: [ app_begin ] --END-- [ RunTime:0.001578s ]
ERR: 非法操作:performance-now.js.map

